<?xml version="1.0" encoding="UTF-8" ?>
<testsuite failures="0" time="0.001" errors="0" skipped="0" tests="1" name="com.report.plugin.hyc.temp.MyPluginTest">
  <properties>
    <property name="java.runtime.name" value="Java(TM) SE Runtime Environment"/>
    <property name="sun.boot.library.path" value="C:\Program Files\Java\jdk1.6.0_37\jre\bin"/>
    <property name="java.vm.version" value="20.12-b01"/>
    <property name="java.vm.vendor" value="Sun Microsystems Inc."/>
    <property name="java.vendor.url" value="http://java.sun.com/"/>
    <property name="path.separator" value=";"/>
    <property name="java.vm.name" value="Java HotSpot(TM) 64-Bit Server VM"/>
    <property name="file.encoding.pkg" value="sun.io"/>
    <property name="user.country" value="DE"/>
    <property name="sun.java.launcher" value="SUN_STANDARD"/>
    <property name="sun.os.patch.level" value="Service Pack 1"/>
    <property name="java.vm.specification.name" value="Java Virtual Machine Specification"/>
    <property name="user.dir" value="C:\Users\Alexandra\atlastutorial\report"/>
    <property name="java.runtime.version" value="1.6.0_37-b06"/>
    <property name="java.awt.graphicsenv" value="sun.awt.Win32GraphicsEnvironment"/>
    <property name="java.endorsed.dirs" value="C:\Program Files\Java\jdk1.6.0_37\jre\lib\endorsed"/>
    <property name="os.arch" value="amd64"/>
    <property name="java.io.tmpdir" value="C:\Users\ALEXAN~1\AppData\Local\Temp\"/>
    <property name="line.separator" value="
"/>
    <property name="java.vm.specification.vendor" value="Sun Microsystems Inc."/>
    <property name="user.variant" value=""/>
    <property name="os.name" value="Windows 7"/>
    <property name="classworlds.conf" value="C:\Users\Alexandra\atlassian-plugin-sdk-4.0\apache-maven\bin\m2.conf"/>
    <property name="sun.jnu.encoding" value="Cp1252"/>
    <property name="java.library.path" value="C:\Program Files\Java\jdk1.6.0_37\bin;C:\windows\Sun\Java\bin;C:\windows\system32;C:\windows;C:/Program Files/Java/jdk1.6.0_37/bin/../jre/bin/server;C:/Program Files/Java/jdk1.6.0_37/bin/../jre/bin;C:/Program Files/Java/jdk1.6.0_37/bin/../jre/lib/amd64;C:\Program Files (x86)\NVIDIA Corporation\PhysX\Common;C:\windows\System32\Wbem;C:\Users\Alexandra\AppData\Local\Smartbar\Application\;C:\Users\Alexandra\AppData\Local\Smartbar\Application\;C:\Users\Alexandra\atlassian-plugin-sdk-4.0\bin; C:\Program Files\Java\jdk1.6.0_37\bin;C:\Program Files\Java\jdk1.6.0_37\bin;;C:\Users\Alexandra\Documents\eclipse;;."/>
    <property name="java.specification.name" value="Java Platform API Specification"/>
    <property name="java.class.version" value="50.0"/>
    <property name="sun.management.compiler" value="HotSpot 64-Bit Tiered Compilers"/>
    <property name="os.version" value="6.1"/>
    <property name="user.home" value="C:\Users\Alexandra"/>
    <property name="user.timezone" value="Europe/Berlin"/>
    <property name="java.awt.printerjob" value="sun.awt.windows.WPrinterJob"/>
    <property name="file.encoding" value="Cp1252"/>
    <property name="java.specification.version" value="1.6"/>
    <property name="user.name" value="Alexandra"/>
    <property name="java.class.path" value="C:\Users\Alexandra\atlassian-plugin-sdk-4.0\apache-maven\boot\classworlds-1.1.jar"/>
    <property name="java.vm.specification.version" value="1.0"/>
    <property name="sun.arch.data.model" value="64"/>
    <property name="java.home" value="C:\Program Files\Java\jdk1.6.0_37\jre"/>
    <property name="sun.java.command" value="org.codehaus.classworlds.Launcher com.atlassian.maven.plugins:maven-amps-dispatcher-plugin:4.0:run"/>
    <property name="java.specification.vendor" value="Sun Microsystems Inc."/>
    <property name="user.language" value="de"/>
    <property name="awt.toolkit" value="sun.awt.windows.WToolkit"/>
    <property name="java.vm.info" value="mixed mode"/>
    <property name="java.version" value="1.6.0_37"/>
    <property name="java.ext.dirs" value="C:\Program Files\Java\jdk1.6.0_37\jre\lib\ext;C:\windows\Sun\Java\lib\ext"/>
    <property name="sun.boot.class.path" value="C:\Program Files\Java\jdk1.6.0_37\jre\lib\resources.jar;C:\Program Files\Java\jdk1.6.0_37\jre\lib\rt.jar;C:\Program Files\Java\jdk1.6.0_37\jre\lib\sunrsasign.jar;C:\Program Files\Java\jdk1.6.0_37\jre\lib\jsse.jar;C:\Program Files\Java\jdk1.6.0_37\jre\lib\jce.jar;C:\Program Files\Java\jdk1.6.0_37\jre\lib\charsets.jar;C:\Program Files\Java\jdk1.6.0_37\jre\lib\modules\jdk.boot.jar;C:\Program Files\Java\jdk1.6.0_37\jre\classes"/>
    <property name="java.vendor" value="Sun Microsystems Inc."/>
    <property name="maven.home" value="C:\Users\Alexandra\atlassian-plugin-sdk-4.0\apache-maven"/>
    <property name="file.separator" value="\"/>
    <property name="java.vendor.url.bug" value="http://java.sun.com/cgi-bin/bugreport.cgi"/>
    <property name="sun.cpu.endian" value="little"/>
    <property name="sun.io.unicode.encoding" value="UnicodeLittle"/>
    <property name="sun.desktop" value="windows"/>
    <property name="sun.cpu.isalist" value="amd64"/>
  </properties>
  <testcase time="0" classname="com.report.plugin.hyc.temp.MyPluginTest" name="testSomething"/>
</testsuite>